2023-07-04 00:51:01,154|WARNING|classes|	Marquise de Cat draws: Mouse-in-a-Sack
2023-07-04 00:51:01,154|WARNING|classes|	Marquise de Cat draws: Smuggler's Trail
2023-07-04 00:51:01,154|WARNING|classes|	Marquise de Cat draws: Crossbow (Bird)
2023-07-04 00:51:01,154|WARNING|classes|	Eyrie Dynasties draws: Scouting Party
2023-07-04 00:51:01,154|WARNING|classes|	Eyrie Dynasties draws: Foxfolk Steel
2023-07-04 00:51:01,154|WARNING|classes|	Eyrie Dynasties draws: Tax Collector
2023-07-04 00:53:01,341|WARNING|classes|		--- GAME START ---
Start Player: Eyrie Dynasties
2023-07-04 00:53:01,341|WARNING|classes|Keep placed in clearing 11
2023-07-04 00:53:01,341|WARNING|classes|		THE KEEP token placed in clearing 11
2023-07-04 00:53:01,341|WARNING|classes|		Placing 1 Marquise de Cat warriors in clearing 1
2023-07-04 00:53:01,341|WARNING|classes|		Placing 1 Marquise de Cat warriors in clearing 2
2023-07-04 00:53:01,341|WARNING|classes|		Placing 1 Marquise de Cat warriors in clearing 3
2023-07-04 00:53:01,341|WARNING|classes|		Placing 1 Marquise de Cat warriors in clearing 4
2023-07-04 00:53:01,341|WARNING|classes|		Placing 1 Marquise de Cat warriors in clearing 5
2023-07-04 00:53:01,341|WARNING|classes|		Placing 1 Marquise de Cat warriors in clearing 6
2023-07-04 00:53:01,341|WARNING|classes|		Placing 1 Marquise de Cat warriors in clearing 7
2023-07-04 00:53:01,341|WARNING|classes|		Placing 1 Marquise de Cat warriors in clearing 8
2023-07-04 00:53:01,341|WARNING|classes|		Placing 1 Marquise de Cat warriors in clearing 9
2023-07-04 00:53:01,341|WARNING|classes|		Placing 1 Marquise de Cat warriors in clearing 10
2023-07-04 00:53:01,344|WARNING|classes|		Placing 1 Marquise de Cat warriors in clearing 11
2023-07-04 00:53:01,344|WARNING|classes|1 Marquise warrior placed in each clearing except 0
2023-07-04 00:53:01,349|WARNING|classes|		Sawmill placed in clearing 11
2023-07-04 00:53:01,349|WARNING|classes|		Workshop placed in clearing 7
2023-07-04 00:53:01,368|WARNING|classes|		Recruiter placed in clearing 10
2023-07-04 00:53:01,376|WARNING|classes|		Roost placed in clearing 0
2023-07-04 00:53:01,376|WARNING|classes|		Placing 6 Eyrie Dynasties warriors in clearing 0
2023-07-04 00:53:01,376|WARNING|classes|	New Leader Chosen: Despot
2023-07-04 00:53:01,376|WARNING|classes|		Card Loyal Vizier added to decree at Move
2023-07-04 00:53:01,377|WARNING|classes|		Card Loyal Vizier added to decree at Build
2023-07-04 00:53:01,377|WARNING|classes|--- STARTING GAME ---
2023-07-04 00:53:01,377|WARNING|classes|	Resetting for Eyrie's Turn...
2023-07-04 00:53:01,377|WARNING|classes|Choosing what to add to decree...
2023-07-04 00:53:01,384|WARNING|classes|		Card Tax Collector added to decree at Move
2023-07-04 00:53:01,384|WARNING|classes|Choosing whether to add 2nd card to decree...
2023-07-04 00:53:01,390|WARNING|classes|		Card Scouting Party added to decree at Move
2023-07-04 00:53:01,390|WARNING|classes|--- Moving on to Daylight ---
2023-07-04 00:53:01,390|WARNING|classes|> Moving onto step 2 of Daylight...
2023-07-04 00:53:01,391|WARNING|classes|Choosing decree-resolving action...
2023-07-04 00:53:01,399|WARNING|classes|>> Decree: MOVE
2023-07-04 00:53:01,399|WARNING|classes|		Moving 6 warriors of Eyrie Dynasties from 0 to 4
2023-07-04 00:53:01,399|WARNING|classes|	Fulfilled Fox Move requirement on Decree
2023-07-04 00:53:01,399|WARNING|classes|Choosing decree-resolving action...
2023-07-04 00:53:01,399|WARNING|classes|>> Decree: MOVE
2023-07-04 00:53:01,399|WARNING|classes|		Moving 1 warriors of Eyrie Dynasties from 4 to 0
2023-07-04 00:53:01,399|WARNING|classes|	Fulfilled Mouse Move requirement on Decree
2023-07-04 00:53:01,399|WARNING|classes|Choosing decree-resolving action...
2023-07-04 00:53:01,413|WARNING|classes|>> Decree: MOVE
2023-07-04 00:53:01,413|WARNING|classes|		Moving 3 warriors of Eyrie Dynasties from 4 to 5
2023-07-04 00:53:01,413|WARNING|classes|	Fulfilled Bird Move requirement on Decree
2023-07-04 00:53:01,413|WARNING|classes|Choosing decree-resolving action...
2023-07-04 00:53:01,416|WARNING|classes|>> Decree: BUILD
2023-07-04 00:53:01,416|WARNING|classes|		Roost placed in clearing 5
2023-07-04 00:53:01,416|WARNING|classes|	Fulfilled Bird Build requirement on Decree
2023-07-04 00:53:01,416|WARNING|classes|>>> DECREE COMPLETED
2023-07-04 00:53:01,416|WARNING|classes|--- Moving on to Evening ---
2023-07-04 00:53:01,416|WARNING|classes|	Eyrie Dynasties Points changed by 1
2023-07-04 00:53:01,416|WARNING|classes|		New Score: [0, 1]
2023-07-04 00:53:01,416|WARNING|classes|	Eyrie Dynasties draws: Woodland Runners
2023-07-04 00:53:01,416|WARNING|classes|--- End of Eyrie Turn ---

2023-07-04 00:53:01,416|WARNING|classes|	Resetting for Marquise's Turn...
2023-07-04 00:53:01,416|WARNING|classes|	Producing wood at sawmills...
2023-07-04 00:53:01,416|WARNING|classes|	1 Wood can be placed automatically...
2023-07-04 00:53:01,416|WARNING|classes|		Wood token placed in clearing 11
2023-07-04 00:53:01,416|WARNING|classes|Finished placing wood.
2023-07-04 00:53:01,416|WARNING|classes|--- Moving on to Daylight ---
2023-07-04 00:53:01,416|WARNING|classes|Checking for Crafting / use of Birdsong Cards...
2023-07-04 00:53:01,421|WARNING|classes|	Marquise de Cat crafts: Crossbow
2023-07-04 00:53:01,421|WARNING|classes|	Marquise de Cat Points changed by 1
2023-07-04 00:53:01,421|WARNING|classes|		New Score: [1, 1]
2023-07-04 00:53:01,421|WARNING|classes|	Crossbow (Bird) added to discard pile
2023-07-04 00:53:01,421|WARNING|classes|> Moving onto step 2 of Daylight...
2023-07-04 00:53:01,421|WARNING|classes|Checking for next Daylight Step 2 action (3 actions left)...
2023-07-04 00:53:01,430|WARNING|classes|		Moving 1 warriors of Marquise de Cat from 2 to 7
2023-07-04 00:53:01,430|WARNING|classes|Finding 2nd move of march...
2023-07-04 00:53:01,430|WARNING|classes|		Moving 1 warriors of Marquise de Cat from 8 to 4
2023-07-04 00:53:01,436|WARNING|classes|Checking for next Daylight Step 2 action (2 actions left)...
2023-07-04 00:53:01,439|WARNING|classes|		Moving 1 warriors of Marquise de Cat from 3 to 5
2023-07-04 00:53:01,439|WARNING|classes|Finding 2nd move of march...
2023-07-04 00:53:01,446|WARNING|classes|		Moving 1 warriors of Marquise de Cat from 9 to 8
2023-07-04 00:53:01,446|WARNING|classes|Checking for next Daylight Step 2 action (1 actions left)...
2023-07-04 00:53:01,454|WARNING|classes|		Moving 1 warriors of Marquise de Cat from 7 to 2
2023-07-04 00:53:01,454|WARNING|classes|Finding 2nd move of march...
2023-07-04 00:53:01,455|WARNING|classes|		Moving 1 warriors of Marquise de Cat from 8 to 5
2023-07-04 00:53:01,455|WARNING|classes|	End of Daylight phase (no more actions)
2023-07-04 00:53:01,455|WARNING|classes|--- Moving on to Evening ---
2023-07-04 00:53:01,455|WARNING|classes|	Marquise de Cat draws: Scouting Party
2023-07-04 00:53:01,455|WARNING|classes|--- End of Marquise Turn ---

2023-07-04 00:53:01,455|WARNING|classes|	Resetting for Eyrie's Turn...
2023-07-04 00:53:01,455|WARNING|classes|Choosing what to add to decree...
2023-07-04 00:53:01,462|WARNING|classes|		Card Foxfolk Steel added to decree at Build
2023-07-04 00:53:01,462|WARNING|classes|Choosing whether to add 2nd card to decree...
2023-07-04 00:53:01,462|WARNING|classes|		Card Woodland Runners added to decree at Build
2023-07-04 00:53:01,462|WARNING|classes|--- Moving on to Daylight ---
2023-07-04 00:53:01,462|WARNING|classes|> Moving onto step 2 of Daylight...
2023-07-04 00:53:01,462|WARNING|classes|Choosing decree-resolving action...
2023-07-04 00:53:01,462|WARNING|classes|>> Decree: MOVE
2023-07-04 00:53:01,462|WARNING|classes|		Moving 3 warriors of Eyrie Dynasties from 5 to 6
2023-07-04 00:53:01,462|WARNING|classes|	Fulfilled Fox Move requirement on Decree
2023-07-04 00:53:01,462|WARNING|classes|Choosing decree-resolving action...
2023-07-04 00:53:01,478|WARNING|classes|>> Decree: MOVE
2023-07-04 00:53:01,478|WARNING|classes|		Moving 1 warriors of Eyrie Dynasties from 6 to 7
2023-07-04 00:53:01,478|WARNING|classes|	Fulfilled Mouse Move requirement on Decree
2023-07-04 00:53:01,478|WARNING|classes|Choosing decree-resolving action...
2023-07-04 00:53:01,478|WARNING|classes|>> Decree: MOVE
2023-07-04 00:53:01,478|WARNING|classes|		Moving 2 warriors of Eyrie Dynasties from 4 to 0
2023-07-04 00:53:01,478|WARNING|classes|	Fulfilled Bird Move requirement on Decree
2023-07-04 00:53:01,478|WARNING|classes|Choosing decree-resolving action...
2023-07-04 00:53:01,478|WARNING|classes|>> Decree: BUILD
2023-07-04 00:53:01,478|WARNING|classes|		Roost placed in clearing 6
2023-07-04 00:53:01,478|WARNING|classes|	Fulfilled Bird Build requirement on Decree
2023-07-04 00:53:01,478|WARNING|classes|>> TURMOILING
2023-07-04 00:53:01,478|WARNING|classes|	Eyrie Dynasties Points changed by -3
2023-07-04 00:53:01,478|WARNING|classes|		New Score: [1, 0]
2023-07-04 00:53:01,478|WARNING|classes|Choosing new leader after turmoil...
2023-07-04 00:53:01,492|WARNING|classes|	New Leader Chosen: Charismatic
2023-07-04 00:53:01,492|WARNING|classes|		Card Loyal Vizier added to decree at Recruit
2023-07-04 00:53:01,492|WARNING|classes|		Card Loyal Vizier added to decree at Battle
2023-07-04 00:53:01,492|WARNING|classes|--- Moving on to Evening ---
2023-07-04 00:53:01,492|WARNING|classes|	Eyrie Dynasties Points changed by 2
2023-07-04 00:53:01,492|WARNING|classes|		New Score: [1, 2]
2023-07-04 00:53:01,492|WARNING|classes|	Eyrie Dynasties draws: Ambush! (Bird)
2023-07-04 00:53:01,492|WARNING|classes|	Eyrie Dynasties draws: Travel Gear (Mouse)
2023-07-04 00:53:01,492|WARNING|classes|--- End of Eyrie Turn ---

2023-07-04 00:53:01,492|WARNING|classes|	Resetting for Marquise's Turn...
2023-07-04 00:53:01,492|WARNING|classes|	Producing wood at sawmills...
2023-07-04 00:53:01,492|WARNING|classes|	1 Wood can be placed automatically...
2023-07-04 00:53:01,492|WARNING|classes|		Wood token placed in clearing 11
2023-07-04 00:53:01,492|WARNING|classes|Finished placing wood.
2023-07-04 00:53:01,492|WARNING|classes|--- Moving on to Daylight ---
2023-07-04 00:53:01,492|WARNING|classes|> Moving onto step 2 of Daylight...
2023-07-04 00:53:01,492|WARNING|classes|Checking for next Daylight Step 2 action (3 actions left)...
2023-07-04 00:53:01,492|WARNING|classes|		Moving 1 warriors of Marquise de Cat from 2 to 3
2023-07-04 00:53:01,492|WARNING|classes|Finding 2nd move of march...
2023-07-04 00:53:01,508|WARNING|classes|		Moving 3 warriors of Marquise de Cat from 5 to 3
2023-07-04 00:53:01,508|WARNING|classes|Checking for next Daylight Step 2 action (2 actions left)...
2023-07-04 00:53:01,508|WARNING|classes|		Moving 1 warriors of Marquise de Cat from 3 to 2
2023-07-04 00:53:01,508|WARNING|classes|Finding 2nd move of march...
2023-07-04 00:53:01,508|WARNING|classes|		Moving 1 warriors of Marquise de Cat from 1 to 2
2023-07-04 00:53:01,508|WARNING|classes|Checking for next Daylight Step 2 action (1 actions left)...
2023-07-04 00:53:01,523|WARNING|classes|		Moving 1 warriors of Marquise de Cat from 7 to 11
2023-07-04 00:53:01,523|WARNING|classes|Finding 2nd move of march...
2023-07-04 00:53:01,524|WARNING|classes|		Moving 2 warriors of Marquise de Cat from 2 to 1
2023-07-04 00:53:01,524|WARNING|classes|	End of Daylight phase (no more actions)
2023-07-04 00:53:01,524|WARNING|classes|--- Moving on to Evening ---
2023-07-04 00:53:01,524|WARNING|classes|	Marquise de Cat draws: Bake Sale
2023-07-04 00:53:01,524|WARNING|classes|--- End of Marquise Turn ---

2023-07-04 00:53:01,524|WARNING|classes|	Resetting for Eyrie's Turn...
2023-07-04 00:53:01,524|WARNING|classes|Choosing what to add to decree...
2023-07-04 00:53:01,524|WARNING|classes|		Card Ambush! (Bird) added to decree at Build
2023-07-04 00:53:01,524|WARNING|classes|Choosing whether to add 2nd card to decree...
2023-07-04 00:53:01,539|WARNING|classes|		Card Travel Gear (Mouse) added to decree at Build
2023-07-04 00:53:01,539|WARNING|classes|--- Moving on to Daylight ---
2023-07-04 00:53:01,539|WARNING|classes|> Moving onto step 2 of Daylight...
2023-07-04 00:53:01,539|WARNING|classes|Choosing decree-resolving action...
2023-07-04 00:53:01,541|WARNING|classes|>> Decree: RECRUIT
2023-07-04 00:53:01,541|WARNING|classes|		Placing 2 Eyrie Dynasties warriors in clearing 5
2023-07-04 00:53:01,541|WARNING|classes|	Fulfilled Bird Recruit requirement on Decree
2023-07-04 00:53:01,541|WARNING|classes|Choosing decree-resolving action...
2023-07-04 00:53:01,541|WARNING|classes|>> Decree: BATTLE
2023-07-04 00:53:01,541|WARNING|classes|	Fulfilled Bird Battle requirement on Decree
2023-07-04 00:53:01,541|WARNING|classes|	--- BATTLE STARTED: Eyrie Dynasties Attacks Marquise de Cat in clearing 7
2023-07-04 00:53:01,541|WARNING|classes|Marquise de Cat chose not to ambush
2023-07-04 00:53:01,541|WARNING|classes|--- DICE ROLL: [1, 0]
2023-07-04 00:53:01,541|WARNING|classes|Marquise de Cat is defenseless (+1 hit taken)
2023-07-04 00:53:01,541|WARNING|classes|--- Dealing hits to defender...
2023-07-04 00:53:01,541|WARNING|classes|-- Workshop destroyed in clearing 7
2023-07-04 00:53:01,541|WARNING|classes|	Eyrie Dynasties Points changed by 1
2023-07-04 00:53:01,541|WARNING|classes|		New Score: [1, 3]
2023-07-04 00:53:01,541|WARNING|classes|--- Dealing hits to attacker...
2023-07-04 00:53:01,541|WARNING|classes|--- BATTLE FINISHED
2023-07-04 00:53:01,541|WARNING|classes|Choosing decree-resolving action...
2023-07-04 00:53:01,555|WARNING|classes|>> Decree: BUILD
2023-07-04 00:53:01,555|WARNING|classes|		Roost placed in clearing 7
2023-07-04 00:53:01,555|WARNING|classes|	Fulfilled Bird Build requirement on Decree
2023-07-04 00:53:01,555|WARNING|classes|>> TURMOILING
2023-07-04 00:53:01,555|WARNING|classes|	Eyrie Dynasties Points changed by -3
2023-07-04 00:53:01,555|WARNING|classes|		New Score: [1, 0]
2023-07-04 00:53:01,555|WARNING|classes|Choosing new leader after turmoil...
2023-07-04 00:53:01,558|WARNING|classes|	New Leader Chosen: Builder
2023-07-04 00:53:01,558|WARNING|classes|		Card Loyal Vizier added to decree at Recruit
2023-07-04 00:53:01,558|WARNING|classes|		Card Loyal Vizier added to decree at Move
2023-07-04 00:53:01,558|WARNING|classes|--- Moving on to Evening ---
2023-07-04 00:53:01,558|WARNING|classes|	Eyrie Dynasties Points changed by 3
2023-07-04 00:53:01,558|WARNING|classes|		New Score: [1, 3]
2023-07-04 00:53:01,558|WARNING|classes|	Eyrie Dynasties draws: Stand and Deliver!
2023-07-04 00:53:01,558|WARNING|classes|	Eyrie Dynasties draws: Birdy Bindle
2023-07-04 00:53:01,558|WARNING|classes|--- End of Eyrie Turn ---

2023-07-04 00:53:01,558|WARNING|classes|	Resetting for Marquise's Turn...
2023-07-04 00:53:01,558|WARNING|classes|	Producing wood at sawmills...
2023-07-04 00:53:01,558|WARNING|classes|	1 Wood can be placed automatically...
2023-07-04 00:53:01,558|WARNING|classes|		Wood token placed in clearing 11
2023-07-04 00:53:01,558|WARNING|classes|Finished placing wood.
2023-07-04 00:53:01,558|WARNING|classes|--- Moving on to Daylight ---
2023-07-04 00:53:01,558|WARNING|classes|> Moving onto step 2 of Daylight...
2023-07-04 00:53:01,558|WARNING|classes|Checking for next Daylight Step 2 action (3 actions left)...
2023-07-04 00:53:01,567|WARNING|classes|		Moving 1 warriors of Marquise de Cat from 4 to 5
2023-07-04 00:53:01,567|WARNING|classes|Finding 2nd move of march...
2023-07-04 00:53:01,573|WARNING|classes|- Forfeiting second march move...
2023-07-04 00:53:01,573|WARNING|classes|Checking for next Daylight Step 2 action (2 actions left)...
2023-07-04 00:53:01,573|WARNING|classes|		Moving 2 warriors of Marquise de Cat from 3 to 0
2023-07-04 00:53:01,573|WARNING|classes|Finding 2nd move of march...
2023-07-04 00:53:01,573|WARNING|classes|		Moving 1 warriors of Marquise de Cat from 0 to 3
2023-07-04 00:53:01,573|WARNING|classes|Checking for next Daylight Step 2 action (1 actions left)...
2023-07-04 00:53:01,589|WARNING|classes|		Moving 1 warriors of Marquise de Cat from 10 to 5
2023-07-04 00:53:01,591|WARNING|classes|Finding 2nd move of march...
2023-07-04 00:53:01,595|WARNING|classes|		Moving 1 warriors of Marquise de Cat from 5 to 3
2023-07-04 00:53:01,597|WARNING|classes|	End of Daylight phase (no more actions)
2023-07-04 00:53:01,597|WARNING|classes|--- Moving on to Evening ---
2023-07-04 00:53:01,597|WARNING|classes|	Marquise de Cat draws: Protection Racket
2023-07-04 00:53:01,597|WARNING|classes|--- End of Marquise Turn ---

2023-07-04 00:53:01,597|WARNING|classes|	Resetting for Eyrie's Turn...
2023-07-04 00:53:01,597|WARNING|classes|Choosing what to add to decree...
2023-07-04 00:53:01,601|WARNING|classes|		Card Stand and Deliver! added to decree at Build
2023-07-04 00:53:01,601|WARNING|classes|Choosing whether to add 2nd card to decree...
2023-07-04 00:53:01,608|WARNING|classes|		Card Birdy Bindle added to decree at Recruit
2023-07-04 00:53:01,608|WARNING|classes|--- Moving on to Daylight ---
2023-07-04 00:53:01,608|WARNING|classes|> Moving onto step 2 of Daylight...
2023-07-04 00:53:01,608|WARNING|classes|Choosing decree-resolving action...
2023-07-04 00:53:01,614|WARNING|classes|>> Decree: RECRUIT
2023-07-04 00:53:01,614|WARNING|classes|		Placing 1 Eyrie Dynasties warriors in clearing 7
2023-07-04 00:53:01,614|WARNING|classes|	Fulfilled Bird Recruit requirement on Decree
2023-07-04 00:53:01,614|WARNING|classes|Choosing decree-resolving action...
2023-07-04 00:53:01,620|WARNING|classes|>> Decree: RECRUIT
2023-07-04 00:53:01,620|WARNING|classes|		Placing 1 Eyrie Dynasties warriors in clearing 7
2023-07-04 00:53:01,620|WARNING|classes|	Fulfilled Bird Recruit requirement on Decree
2023-07-04 00:53:01,620|WARNING|classes|Choosing decree-resolving action...
2023-07-04 00:53:01,620|WARNING|classes|>> Decree: MOVE
2023-07-04 00:53:01,620|WARNING|classes|		Moving 1 warriors of Eyrie Dynasties from 6 to 7
2023-07-04 00:53:01,620|WARNING|classes|	Fulfilled Bird Move requirement on Decree
2023-07-04 00:53:01,620|WARNING|classes|>> TURMOILING
2023-07-04 00:53:01,620|WARNING|classes|	Eyrie Dynasties Points changed by -3
2023-07-04 00:53:01,620|WARNING|classes|		New Score: [1, 0]
2023-07-04 00:53:01,620|WARNING|classes|Choosing new leader after turmoil...
2023-07-04 00:53:01,620|WARNING|classes|	New Leader Chosen: Commander
2023-07-04 00:53:01,620|WARNING|classes|		Card Loyal Vizier added to decree at Move
2023-07-04 00:53:01,620|WARNING|classes|		Card Loyal Vizier added to decree at Battle
2023-07-04 00:53:01,620|WARNING|classes|--- Moving on to Evening ---
2023-07-04 00:53:01,620|WARNING|classes|	Eyrie Dynasties Points changed by 3
2023-07-04 00:53:01,620|WARNING|classes|		New Score: [1, 3]
2023-07-04 00:53:01,620|WARNING|classes|	Eyrie Dynasties draws: A Visit to Friends
2023-07-04 00:53:01,620|WARNING|classes|	Eyrie Dynasties draws: Anvil
2023-07-04 00:53:01,620|WARNING|classes|--- End of Eyrie Turn ---

2023-07-04 00:53:01,620|WARNING|classes|	Resetting for Marquise's Turn...
2023-07-04 00:53:01,620|WARNING|classes|	Producing wood at sawmills...
2023-07-04 00:53:01,620|WARNING|classes|	1 Wood can be placed automatically...
2023-07-04 00:53:01,620|WARNING|classes|		Wood token placed in clearing 11
2023-07-04 00:53:01,620|WARNING|classes|Finished placing wood.
2023-07-04 00:53:01,620|WARNING|classes|--- Moving on to Daylight ---
2023-07-04 00:53:01,620|WARNING|classes|> Moving onto step 2 of Daylight...
2023-07-04 00:53:01,620|WARNING|classes|Checking for next Daylight Step 2 action (3 actions left)...
2023-07-04 00:53:01,638|WARNING|classes|	--- BATTLE STARTED: Marquise de Cat Attacks Eyrie Dynasties in clearing 6
2023-07-04 00:53:01,638|WARNING|classes|Eyrie Dynasties chose not to ambush
2023-07-04 00:53:01,638|WARNING|classes|--- DICE ROLL: [1, 1]
2023-07-04 00:53:01,638|WARNING|classes|--- Dealing hits to defender...
2023-07-04 00:53:01,638|WARNING|classes|- Removed 1 Eyrie Dynasties warrior from clearing 6
2023-07-04 00:53:01,638|WARNING|classes|--- Dealing hits to attacker...
2023-07-04 00:53:01,638|WARNING|classes|- Removed 1 Marquise de Cat warrior from clearing 6
2023-07-04 00:53:01,638|WARNING|classes|--- BATTLE FINISHED
2023-07-04 00:53:01,643|WARNING|classes|	Field Hospitals activated, Marquise recovered 1 warrior(s)
2023-07-04 00:53:01,643|WARNING|classes|		Placing 1 Marquise de Cat warriors in clearing 11
2023-07-04 00:53:01,643|WARNING|classes|	Mouse-in-a-Sack added to discard pile
2023-07-04 00:53:01,643|WARNING|classes|Checking for next Daylight Step 2 action (2 actions left)...
2023-07-04 00:53:01,648|WARNING|classes|		Moving 3 warriors of Marquise de Cat from 3 to 2
2023-07-04 00:53:01,648|WARNING|classes|Finding 2nd move of march...
2023-07-04 00:53:01,655|WARNING|classes|		Moving 1 warriors of Marquise de Cat from 11 to 10
2023-07-04 00:53:01,655|WARNING|classes|Checking for next Daylight Step 2 action (1 actions left)...
2023-07-04 00:53:01,658|WARNING|classes|		Moving 1 warriors of Marquise de Cat from 2 to 3
2023-07-04 00:53:01,658|WARNING|classes|Finding 2nd move of march...
2023-07-04 00:53:01,666|WARNING|classes|		Moving 1 warriors of Marquise de Cat from 10 to 11
2023-07-04 00:53:01,666|WARNING|classes|	End of Daylight phase (no more actions)
2023-07-04 00:53:01,666|WARNING|classes|--- Moving on to Evening ---
2023-07-04 00:53:01,666|WARNING|classes|	Marquise de Cat draws: Favor of the Rabbits
2023-07-04 00:53:01,666|WARNING|classes|--- End of Marquise Turn ---

2023-07-04 00:53:01,666|WARNING|classes|	Resetting for Eyrie's Turn...
2023-07-04 00:53:01,666|WARNING|classes|Choosing what to add to decree...
2023-07-04 00:53:01,668|WARNING|classes|		Card A Visit to Friends added to decree at Recruit
2023-07-04 00:53:01,668|WARNING|classes|Choosing whether to add 2nd card to decree...
2023-07-04 00:53:01,668|WARNING|classes|		Card Anvil added to decree at Battle
2023-07-04 00:53:01,668|WARNING|classes|--- Moving on to Daylight ---
2023-07-04 00:53:01,668|WARNING|classes|> Moving onto step 2 of Daylight...
2023-07-04 00:53:01,668|WARNING|classes|>> TURMOILING
2023-07-04 00:53:01,668|WARNING|classes|	Eyrie Dynasties Points changed by -2
2023-07-04 00:53:01,668|WARNING|classes|		New Score: [1, 1]
2023-07-04 00:53:01,668|WARNING|classes|Choosing new leader after turmoil...
2023-07-04 00:53:01,685|WARNING|classes|	New Leader Chosen: Builder
2023-07-04 00:53:01,685|WARNING|classes|		Card Loyal Vizier added to decree at Recruit
2023-07-04 00:53:01,685|WARNING|classes|		Card Loyal Vizier added to decree at Move
2023-07-04 00:53:01,685|WARNING|classes|--- Moving on to Evening ---
2023-07-04 00:53:01,685|WARNING|classes|	Eyrie Dynasties Points changed by 3
2023-07-04 00:53:01,685|WARNING|classes|		New Score: [1, 4]
2023-07-04 00:53:01,685|WARNING|classes|	Eyrie Dynasties draws: Armorers
2023-07-04 00:53:01,685|WARNING|classes|	Eyrie Dynasties draws: Ambush! (Bird)
2023-07-04 00:53:01,685|WARNING|classes|--- End of Eyrie Turn ---

2023-07-04 00:53:01,685|WARNING|classes|	Resetting for Marquise's Turn...
2023-07-04 00:53:01,685|WARNING|classes|	Producing wood at sawmills...
2023-07-04 00:53:01,686|WARNING|classes|	1 Wood can be placed automatically...
2023-07-04 00:53:01,686|WARNING|classes|		Wood token placed in clearing 11
2023-07-04 00:53:01,686|WARNING|classes|Finished placing wood.
2023-07-04 00:53:01,686|WARNING|classes|--- Moving on to Daylight ---
2023-07-04 00:53:01,686|WARNING|classes|> Moving onto step 2 of Daylight...
2023-07-04 00:53:01,686|WARNING|classes|Checking for next Daylight Step 2 action (3 actions left)...
2023-07-04 00:53:01,691|WARNING|classes|		Moving 1 warriors of Marquise de Cat from 2 to 7
2023-07-04 00:53:01,691|WARNING|classes|Finding 2nd move of march...
2023-07-04 00:53:01,696|WARNING|classes|		Moving 1 warriors of Marquise de Cat from 11 to 10
2023-07-04 00:53:01,696|WARNING|classes|Checking for next Daylight Step 2 action (2 actions left)...
2023-07-04 00:53:01,703|WARNING|classes|		Moving 1 warriors of Marquise de Cat from 4 to 5
2023-07-04 00:53:01,703|WARNING|classes|Finding 2nd move of march...
2023-07-04 00:53:01,708|WARNING|classes|		Moving 1 warriors of Marquise de Cat from 10 to 9
2023-07-04 00:53:01,709|WARNING|classes|Checking for next Daylight Step 2 action (1 actions left)...
2023-07-04 00:53:01,713|WARNING|classes|		Moving 1 warriors of Marquise de Cat from 2 to 7
2023-07-04 00:53:01,713|WARNING|classes|Finding 2nd move of march...
2023-07-04 00:53:01,714|WARNING|classes|		Moving 1 warriors of Marquise de Cat from 1 to 2
2023-07-04 00:53:01,714|WARNING|classes|	End of Daylight phase (no more actions)
2023-07-04 00:53:01,714|WARNING|classes|--- Moving on to Evening ---
2023-07-04 00:53:01,714|WARNING|classes|	Marquise de Cat draws: Sappers
2023-07-04 00:53:01,714|WARNING|classes|Marquise must discard from hand...
2023-07-04 00:53:01,724|WARNING|classes|	Favor of the Rabbits added to discard pile
2023-07-04 00:53:01,724|WARNING|classes|--- End of Marquise Turn ---

2023-07-04 00:53:01,724|WARNING|classes|	Resetting for Eyrie's Turn...
2023-07-04 00:53:01,724|WARNING|classes|Choosing what to add to decree...
2023-07-04 00:53:01,731|WARNING|classes|		Card Armorers added to decree at Build
2023-07-04 00:53:01,731|WARNING|classes|	Cannot add more to decree
2023-07-04 00:53:01,731|WARNING|classes|--- Moving on to Daylight ---
2023-07-04 00:53:01,731|WARNING|classes|> Moving onto step 2 of Daylight...
2023-07-04 00:53:01,731|WARNING|classes|Choosing decree-resolving action...
2023-07-04 00:53:01,731|WARNING|classes|>> Decree: RECRUIT
2023-07-04 00:53:01,731|WARNING|classes|		Placing 1 Eyrie Dynasties warriors in clearing 0
2023-07-04 00:53:01,731|WARNING|classes|	Fulfilled Bird Recruit requirement on Decree
2023-07-04 00:53:01,731|WARNING|classes|Choosing decree-resolving action...
2023-07-04 00:53:01,739|WARNING|classes|>> Decree: MOVE
2023-07-04 00:53:01,739|WARNING|classes|		Moving 1 warriors of Eyrie Dynasties from 7 to 11
2023-07-04 00:53:01,739|WARNING|classes|	Fulfilled Bird Move requirement on Decree
2023-07-04 00:53:01,739|WARNING|classes|>> TURMOILING
2023-07-04 00:53:01,739|WARNING|classes|	Eyrie Dynasties Points changed by -3
2023-07-04 00:53:01,739|WARNING|classes|		New Score: [1, 1]
2023-07-04 00:53:01,739|WARNING|classes|Choosing new leader after turmoil...
2023-07-04 00:53:01,748|WARNING|classes|	New Leader Chosen: Despot
2023-07-04 00:53:01,748|WARNING|classes|		Card Loyal Vizier added to decree at Move
2023-07-04 00:53:01,748|WARNING|classes|		Card Loyal Vizier added to decree at Build
2023-07-04 00:53:01,748|WARNING|classes|--- Moving on to Evening ---
2023-07-04 00:53:01,748|WARNING|classes|	Eyrie Dynasties Points changed by 3
2023-07-04 00:53:01,748|WARNING|classes|		New Score: [1, 4]
2023-07-04 00:53:01,748|WARNING|classes|	Eyrie Dynasties draws: Crossbow (Mouse)
2023-07-04 00:53:01,748|WARNING|classes|	Eyrie Dynasties draws: Royal Claim
2023-07-04 00:53:01,748|WARNING|classes|--- End of Eyrie Turn ---

2023-07-04 00:53:01,748|WARNING|classes|	Resetting for Marquise's Turn...
2023-07-04 00:53:01,748|WARNING|classes|	Producing wood at sawmills...
2023-07-04 00:53:01,748|WARNING|classes|	1 Wood can be placed automatically...
2023-07-04 00:53:01,748|WARNING|classes|		Wood token placed in clearing 11
2023-07-04 00:53:01,748|WARNING|classes|Finished placing wood.
2023-07-04 00:53:01,748|WARNING|classes|--- Moving on to Daylight ---
2023-07-04 00:53:01,748|WARNING|classes|> Moving onto step 2 of Daylight...
2023-07-04 00:53:01,748|WARNING|classes|Checking for next Daylight Step 2 action (3 actions left)...
2023-07-04 00:53:01,748|WARNING|classes|		Moving 1 warriors of Marquise de Cat from 11 to 6
2023-07-04 00:53:01,748|WARNING|classes|Finding 2nd move of march...
2023-07-04 00:53:01,762|WARNING|classes|		Moving 1 warriors of Marquise de Cat from 9 to 8
2023-07-04 00:53:01,762|WARNING|classes|Checking for next Daylight Step 2 action (2 actions left)...
2023-07-04 00:53:01,766|WARNING|classes|Building a Sawmill in clearing 10
2023-07-04 00:53:01,766|WARNING|classes|	Wood Cost: 1
2023-07-04 00:53:01,766|WARNING|classes|		Sawmill placed in clearing 10
2023-07-04 00:53:01,766|WARNING|classes|	Marquise de Cat Points changed by 1
2023-07-04 00:53:01,766|WARNING|classes|		New Score: [2, 4]
2023-07-04 00:53:01,766|WARNING|classes|	Removing 1 wood solely from clearing 11...
2023-07-04 00:53:01,766|WARNING|classes|Checking for next Daylight Step 2 action (1 actions left)...
2023-07-04 00:53:01,772|WARNING|classes|		Moving 2 warriors of Marquise de Cat from 7 to 2
2023-07-04 00:53:01,772|WARNING|classes|Finding 2nd move of march...
2023-07-04 00:53:01,779|WARNING|classes|		Moving 2 warriors of Marquise de Cat from 2 to 3
2023-07-04 00:53:01,779|WARNING|classes|Checking for next Daylight Step 2 action (0 actions left)...
2023-07-04 00:53:01,779|WARNING|classes|- Forfeiting remaining daylight actions...
2023-07-04 00:53:01,779|WARNING|classes|--- Moving on to Evening ---
2023-07-04 00:53:01,779|WARNING|classes|	Marquise de Cat draws: Brutal Tactics
2023-07-04 00:53:01,779|WARNING|classes|Marquise must discard from hand...
2023-07-04 00:53:01,779|WARNING|classes|	Bake Sale added to discard pile
2023-07-04 00:53:01,779|WARNING|classes|--- End of Marquise Turn ---

2023-07-04 00:53:01,779|WARNING|classes|	Resetting for Eyrie's Turn...
2023-07-04 00:53:01,779|WARNING|classes|Choosing what to add to decree...
2023-07-04 00:53:01,794|WARNING|classes|		Card Royal Claim added to decree at Recruit
2023-07-04 00:53:01,794|WARNING|classes|Choosing whether to add 2nd card to decree...
2023-07-04 00:53:01,794|WARNING|classes|		Card Crossbow (Mouse) added to decree at Move
2023-07-04 00:53:01,794|WARNING|classes|--- Moving on to Daylight ---
2023-07-04 00:53:01,794|WARNING|classes|> Moving onto step 2 of Daylight...
2023-07-04 00:53:01,794|WARNING|classes|Choosing decree-resolving action...
2023-07-04 00:53:01,805|WARNING|classes|>> Decree: RECRUIT
2023-07-04 00:53:01,805|WARNING|classes|		Placing 1 Eyrie Dynasties warriors in clearing 6
2023-07-04 00:53:01,805|WARNING|classes|	Fulfilled Bird Recruit requirement on Decree
2023-07-04 00:53:01,805|WARNING|classes|Choosing decree-resolving action...
2023-07-04 00:53:01,811|WARNING|classes|>> Decree: MOVE
2023-07-04 00:53:01,811|WARNING|classes|		Moving 1 warriors of Eyrie Dynasties from 5 to 4
2023-07-04 00:53:01,811|WARNING|classes|	Fulfilled Bird Move requirement on Decree
2023-07-04 00:53:01,811|WARNING|classes|Choosing decree-resolving action...
2023-07-04 00:53:01,811|WARNING|classes|>> Decree: MOVE
2023-07-04 00:53:01,811|WARNING|classes|		Moving 1 warriors of Eyrie Dynasties from 6 to 5
2023-07-04 00:53:01,811|WARNING|classes|	Fulfilled Mouse Move requirement on Decree
2023-07-04 00:53:01,811|WARNING|classes|Choosing decree-resolving action...
2023-07-04 00:53:01,811|WARNING|classes|>> Decree: BUILD
2023-07-04 00:53:01,811|WARNING|classes|		Roost placed in clearing 4
2023-07-04 00:53:01,811|WARNING|classes|	Fulfilled Bird Build requirement on Decree
2023-07-04 00:53:01,811|WARNING|classes|>>> DECREE COMPLETED
2023-07-04 00:53:01,811|WARNING|classes|--- Moving on to Evening ---
2023-07-04 00:53:01,811|WARNING|classes|	Eyrie Dynasties Points changed by 4
2023-07-04 00:53:01,811|WARNING|classes|		New Score: [2, 8]
2023-07-04 00:53:01,811|WARNING|classes|	Eyrie Dynasties draws: Root Tea (Fox)
2023-07-04 00:53:01,811|WARNING|classes|	Eyrie Dynasties draws: Root Tea (Rabbit)
2023-07-04 00:53:01,811|WARNING|classes|--- End of Eyrie Turn ---

2023-07-04 00:53:01,811|WARNING|classes|	Resetting for Marquise's Turn...
2023-07-04 00:53:01,811|WARNING|classes|	Producing wood at sawmills...
2023-07-04 00:53:01,811|WARNING|classes|	2 Wood can be placed automatically...
2023-07-04 00:53:01,811|WARNING|classes|		Wood token placed in clearing 10
2023-07-04 00:53:01,811|WARNING|classes|		Wood token placed in clearing 11
2023-07-04 00:53:01,811|WARNING|classes|Finished placing wood.
2023-07-04 00:53:01,811|WARNING|classes|--- Moving on to Daylight ---
2023-07-04 00:53:01,811|WARNING|classes|> Moving onto step 2 of Daylight...
2023-07-04 00:53:01,811|WARNING|classes|Checking for next Daylight Step 2 action (3 actions left)...
2023-07-04 00:53:01,826|WARNING|classes|	--- BATTLE STARTED: Marquise de Cat Attacks Eyrie Dynasties in clearing 5
2023-07-04 00:53:01,832|WARNING|classes|Eyrie Dynasties chose not to ambush
2023-07-04 00:53:01,832|WARNING|classes|--- DICE ROLL: [2, 0]
2023-07-04 00:53:01,832|WARNING|classes|--- Dealing hits to defender...
2023-07-04 00:53:01,833|WARNING|classes|- Removed 1 Eyrie Dynasties warrior from clearing 5
2023-07-04 00:53:01,833|WARNING|classes|- Removed 1 Eyrie Dynasties warrior from clearing 5
2023-07-04 00:53:01,833|WARNING|classes|--- Dealing hits to attacker...
2023-07-04 00:53:01,833|WARNING|classes|--- BATTLE FINISHED
2023-07-04 00:53:01,833|WARNING|classes|Checking for next Daylight Step 2 action (2 actions left)...
2023-07-04 00:53:01,837|WARNING|classes|Building a Recruiter in clearing 1
2023-07-04 00:53:01,837|WARNING|classes|	Wood Cost: 1
2023-07-04 00:53:01,837|WARNING|classes|		Recruiter placed in clearing 1
2023-07-04 00:53:01,837|WARNING|classes|	Marquise de Cat Points changed by 1
2023-07-04 00:53:01,837|WARNING|classes|		New Score: [3, 8]
2023-07-04 00:53:01,837|WARNING|classes|Choosing where to take wood from...
2023-07-04 00:53:01,844|WARNING|classes|	Chose wood from clearing 10
2023-07-04 00:53:01,844|WARNING|classes|		Remaining wood cost: 0
2023-07-04 00:53:01,844|WARNING|classes|Checking for next Daylight Step 2 action (1 actions left)...
2023-07-04 00:53:01,844|WARNING|classes|		Moving 1 warriors of Marquise de Cat from 3 to 5
2023-07-04 00:53:01,844|WARNING|classes|Finding 2nd move of march...
2023-07-04 00:53:01,853|WARNING|classes|		Moving 1 warriors of Marquise de Cat from 5 to 3
2023-07-04 00:53:01,853|WARNING|classes|Checking for next Daylight Step 2 action (0 actions left)...
2023-07-04 00:53:01,859|WARNING|classes|Spending a bird card to gain an action:
2023-07-04 00:53:01,859|WARNING|classes|	Sappers added to discard pile
2023-07-04 00:53:01,859|WARNING|classes|Checking for next Daylight Step 2 action (1 actions left)...
2023-07-04 00:53:01,859|WARNING|classes|Overworking the Sawmill in clearing 10
2023-07-04 00:53:01,859|WARNING|classes|	Brutal Tactics added to discard pile
2023-07-04 00:53:01,859|WARNING|classes|		Wood token placed in clearing 10
2023-07-04 00:53:01,859|WARNING|classes|	End of Daylight phase (no more actions)
2023-07-04 00:53:01,859|WARNING|classes|--- Moving on to Evening ---
2023-07-04 00:53:01,859|WARNING|classes|	Marquise de Cat draws: Tax Collector
2023-07-04 00:53:01,859|WARNING|classes|--- End of Marquise Turn ---

2023-07-04 00:53:01,859|WARNING|classes|	Resetting for Eyrie's Turn...
2023-07-04 00:53:01,859|WARNING|classes|Choosing what to add to decree...
2023-07-04 00:53:01,859|WARNING|classes|		Card Ambush! (Bird) added to decree at Build
2023-07-04 00:53:01,859|WARNING|classes|Choosing whether to add 2nd card to decree...
2023-07-04 00:53:01,875|WARNING|classes|		Card Root Tea (Rabbit) added to decree at Recruit
2023-07-04 00:53:01,875|WARNING|classes|--- Moving on to Daylight ---
2023-07-04 00:53:01,875|WARNING|classes|Checking for Crafting / use of Birdsong Cards...
2023-07-04 00:53:01,875|WARNING|classes|	Eyrie Dynasties crafts: Tea
2023-07-04 00:53:01,875|WARNING|classes|	Eyrie Dynasties Points changed by 1
2023-07-04 00:53:01,875|WARNING|classes|		New Score: [3, 9]
2023-07-04 00:53:01,875|WARNING|classes|	Root Tea (Fox) added to discard pile
2023-07-04 00:53:01,875|WARNING|classes|> Moving onto step 2 of Daylight...
2023-07-04 00:53:01,875|WARNING|classes|Choosing decree-resolving action...
2023-07-04 00:53:01,888|WARNING|classes|>> Decree: RECRUIT
2023-07-04 00:53:01,888|WARNING|classes|		Placing 1 Eyrie Dynasties warriors in clearing 5
2023-07-04 00:53:01,888|WARNING|classes|	Fulfilled Bird Recruit requirement on Decree
2023-07-04 00:53:01,888|WARNING|classes|>> TURMOILING
2023-07-04 00:53:01,888|WARNING|classes|	Eyrie Dynasties Points changed by -4
2023-07-04 00:53:01,888|WARNING|classes|		New Score: [3, 5]
2023-07-04 00:53:01,888|WARNING|classes|Choosing new leader after turmoil...
2023-07-04 00:53:01,888|WARNING|classes|	New Leader Chosen: Commander
2023-07-04 00:53:01,888|WARNING|classes|		Card Loyal Vizier added to decree at Move
2023-07-04 00:53:01,888|WARNING|classes|		Card Loyal Vizier added to decree at Battle
2023-07-04 00:53:01,888|WARNING|classes|--- Moving on to Evening ---
2023-07-04 00:53:01,888|WARNING|classes|	Eyrie Dynasties Points changed by 4
2023-07-04 00:53:01,888|WARNING|classes|		New Score: [3, 9]
2023-07-04 00:53:01,888|WARNING|classes|	Eyrie Dynasties draws: Better Burrow Bank
2023-07-04 00:53:01,888|WARNING|classes|	Eyrie Dynasties draws: Sword
2023-07-04 00:53:01,888|WARNING|classes|--- End of Eyrie Turn ---

2023-07-04 00:53:01,888|WARNING|classes|	Resetting for Marquise's Turn...
2023-07-04 00:53:01,888|WARNING|classes|	Producing wood at sawmills...
2023-07-04 00:53:01,888|WARNING|classes|	Wood cannot be placed automatically...
2023-07-04 00:53:01,888|WARNING|classes|> Choice exists in placing wood
2023-07-04 00:53:01,888|WARNING|classes|	Chose to place wood in clearing 10
2023-07-04 00:53:01,888|WARNING|classes|		Wood token placed in clearing 10
2023-07-04 00:53:01,888|WARNING|classes|--- Moving on to Daylight ---
2023-07-04 00:53:01,888|WARNING|classes|> Moving onto step 2 of Daylight...
2023-07-04 00:53:01,888|WARNING|classes|Checking for next Daylight Step 2 action (3 actions left)...
2023-07-04 00:53:01,907|WARNING|classes|		Moving 1 warriors of Marquise de Cat from 1 to 2
2023-07-04 00:53:01,907|WARNING|classes|Finding 2nd move of march...
2023-07-04 00:53:01,907|WARNING|classes|		Moving 2 warriors of Marquise de Cat from 5 to 8
2023-07-04 00:53:01,907|WARNING|classes|Checking for next Daylight Step 2 action (2 actions left)...
2023-07-04 00:53:01,907|WARNING|classes|		Moving 1 warriors of Marquise de Cat from 3 to 5
2023-07-04 00:53:01,907|WARNING|classes|Finding 2nd move of march...
2023-07-04 00:53:01,924|WARNING|classes|		Moving 1 warriors of Marquise de Cat from 6 to 11
2023-07-04 00:53:01,924|WARNING|classes|Checking for next Daylight Step 2 action (1 actions left)...
